# JRE version: OpenJDK Runtime Environment (8.0_152) (build 1.8.0_152-release-1343-b16-5323222)
# Java VM: OpenJDK 64-Bit Server VM (25.152-b16-5323222 mixed mode linux-amd64 compressed oops)
Heap:
 def new generation   total 90624K, used 27390K [0x00000000a0000000, 0x00000000a6250000, 0x00000000c0000000)
  eden space 80576K,  29% used [0x00000000a0000000, 0x00000000a16d5668, 0x00000000a4eb0000)
  from space 10048K,  39% used [0x00000000a5880000, 0x00000000a5c6a430, 0x00000000a6250000)
  to   space 10048K,   0% used [0x00000000a4eb0000, 0x00000000a4eb0000, 0x00000000a5880000)
 tenured generation   total 200964K, used 187313K [0x00000000c0000000, 0x00000000cc441000, 0x0000000100000000)
   the space 200964K,  93% used [0x00000000c0000000, 0x00000000cb6ec510, 0x00000000cb6ec600, 0x00000000cc441000)
 Metaspace       used 107283K, capacity 112246K, committed 112408K, reserved 1146880K
  class space    used 13153K, capacity 14048K, committed 14128K, reserved 1048576K
GC Heap History (10 events):
Event: 7455.188 GC heap before
{Heap before GC invocations=402 (full 14):
 def new generation   total 90624K, used 88875K [0x00000000a0000000, 0x00000000a6250000, 0x00000000c0000000)
  eden space 80576K, 100% used [0x00000000a0000000, 0x00000000a4eb0000, 0x00000000a4eb0000)
  from space 10048K,  82% used [0x00000000a4eb0000, 0x00000000a56cae38, 0x00000000a5880000)
  to   space 10048K,   0% used [0x00000000a5880000, 0x00000000a5880000, 0x00000000a6250000)
 tenured generation   total 200964K, used 176948K [0x00000000c0000000, 0x00000000cc441000, 0x0000000100000000)
   the space 200964K,  88% used [0x00000000c0000000, 0x00000000caccd3f0, 0x00000000caccd400, 0x00000000cc441000)
 Metaspace       used 105057K, capacity 109322K, committed 111000K, reserved 1146880K
  class space    used 12857K, capacity 13626K, committed 14000K, reserved 1048576K
Event: 7455.233 GC heap after
Heap after GC invocations=403 (full 14):
 def new generation   total 90624K, used 2671K [0x00000000a0000000, 0x00000000a6250000, 0x00000000c0000000)
  eden space 80576K,   0% used [0x00000000a0000000, 0x00000000a0000000, 0x00000000a4eb0000)
  from space 10048K,  26% used [0x00000000a5880000, 0x00000000a5b1bf58, 0x00000000a6250000)
  to   space 10048K,   0% used [0x00000000a4eb0000, 0x00000000a4eb0000, 0x00000000a5880000)
 tenured generation   total 200964K, used 179329K [0x00000000c0000000, 0x00000000cc441000, 0x0000000100000000)
   the space 200964K,  89% used [0x00000000c0000000, 0x00000000caf204b8, 0x00000000caf20600, 0x00000000cc441000)
 Metaspace       used 105057K, capacity 109322K, committed 111000K, reserved 1146880K
  class space    used 12857K, capacity 13626K, committed 14000K, reserved 1048576K
}
Event: 7817.949 GC heap before
{Heap before GC invocations=403 (full 14):
 def new generation   total 90624K, used 83247K [0x00000000a0000000, 0x00000000a6250000, 0x00000000c0000000)
  eden space 80576K, 100% used [0x00000000a0000000, 0x00000000a4eb0000, 0x00000000a4eb0000)
  from space 10048K,  26% used [0x00000000a5880000, 0x00000000a5b1bf58, 0x00000000a6250000)
  to   space 10048K,   0% used [0x00000000a4eb0000, 0x00000000a4eb0000, 0x00000000a5880000)
 tenured generation   total 200964K, used 179329K [0x00000000c0000000, 0x00000000cc441000, 0x0000000100000000)
   the space 200964K,  89% used [0x00000000c0000000, 0x00000000caf204b8, 0x00000000caf20600, 0x00000000cc441000)
 Metaspace       used 106345K, capacity 111050K, committed 112024K, reserved 1146880K
  class space    used 13041K, capacity 13861K, committed 14000K, reserved 1048576K
Event: 7818.015 GC heap after
Heap after GC invocations=404 (full 14):
 def new generation   total 90624K, used 5545K [0x00000000a0000000, 0x00000000a6250000, 0x00000000c0000000)
  eden space 80576K,   0% used [0x00000000a0000000, 0x00000000a0000000, 0x00000000a4eb0000)
  from space 10048K,  55% used [0x00000000a4eb0000, 0x00000000a541a7d0, 0x00000000a5880000)
  to   space 10048K,   0% used [0x00000000a5880000, 0x00000000a5880000, 0x00000000a6250000)
 tenured generation   total 200964K, used 179329K [0x00000000c0000000, 0x00000000cc441000, 0x0000000100000000)
   the space 200964K,  89% used [0x00000000c0000000, 0x00000000caf204b8, 0x00000000caf20600, 0x00000000cc441000)
 Metaspace       used 106345K, capacity 111050K, committed 112024K, reserved 1146880K
  class space    used 13041K, capacity 13861K, committed 14000K, reserved 1048576K
}
Event: 7867.758 GC heap before
{Heap before GC invocations=404 (full 14):
 def new generation   total 90624K, used 86116K [0x00000000a0000000, 0x00000000a6250000, 0x00000000c0000000)
  eden space 80576K,  99% used [0x00000000a0000000, 0x00000000a4eaeb98, 0x00000000a4eb0000)
  from space 10048K,  55% used [0x00000000a4eb0000, 0x00000000a541a7d0, 0x00000000a5880000)
  to   space 10048K,   0% used [0x00000000a5880000, 0x00000000a5880000, 0x00000000a6250000)
 tenured generation   total 200964K, used 179329K [0x00000000c0000000, 0x00000000cc441000, 0x0000000100000000)
   the space 200964K,  89% used [0x00000000c0000000, 0x00000000caf204b8, 0x00000000caf20600, 0x00000000cc441000)
 Metaspace       used 106670K, capacity 111482K, committed 112408K, reserved 1146880K
  class space    used 13082K, capacity 13922K, committed 14128K, reserved 1048576K
Event: 7867.813 GC heap after
Heap after GC invocations=405 (full 14):
 def new generation   total 90624K, used 4522K [0x00000000a0000000, 0x00000000a6250000, 0x00000000c0000000)
  eden space 80576K,   0% used [0x00000000a0000000, 0x00000000a0000000, 0x00000000a4eb0000)
  from space 10048K,  45% used [0x00000000a5880000, 0x00000000a5cea968, 0x00000000a6250000)
  to   space 10048K,   0% used [0x00000000a4eb0000, 0x00000000a4eb0000, 0x00000000a5880000)
 tenured generation   total 200964K, used 183666K [0x00000000c0000000, 0x00000000cc441000, 0x0000000100000000)
   the space 200964K,  91% used [0x00000000c0000000, 0x00000000cb35ca48, 0x00000000cb35cc00, 0x00000000cc441000)
 Metaspace       used 106670K, capacity 111482K, committed 112408K, reserved 1146880K
  class space    used 13082K, capacity 13922K, committed 14128K, reserved 1048576K
}
Event: 7933.489 GC heap before
{Heap before GC invocations=405 (full 14):
 def new generation   total 90624K, used 85098K [0x00000000a0000000, 0x00000000a6250000, 0x00000000c0000000)
  eden space 80576K, 100% used [0x00000000a0000000, 0x00000000a4eb0000, 0x00000000a4eb0000)
  from space 10048K,  45% used [0x00000000a5880000, 0x00000000a5cea968, 0x00000000a6250000)
  to   space 10048K,   0% used [0x00000000a4eb0000, 0x00000000a4eb0000, 0x00000000a5880000)
 tenured generation   total 200964K, used 183666K [0x00000000c0000000, 0x00000000cc441000, 0x0000000100000000)
   the space 200964K,  91% used [0x00000000c0000000, 0x00000000cb35ca48, 0x00000000cb35cc00, 0x00000000cc441000)
 Metaspace       used 106821K, capacity 111582K, committed 112408K, reserved 1146880K
  class space    used 13090K, capacity 13928K, committed 14128K, reserved 1048576K
Event: 7933.565 GC heap after
Heap after GC invocations=406 (full 14):
 def new generation   total 90624K, used 6794K [0x00000000a0000000, 0x00000000a6250000, 0x00000000c0000000)
  eden space 80576K,   0% used [0x00000000a0000000, 0x00000000a0000000, 0x00000000a4eb0000)
  from space 10048K,  67% used [0x00000000a4eb0000, 0x00000000a5552a88, 0x00000000a5880000)
  to   space 10048K,   0% used [0x00000000a5880000, 0x00000000a5880000, 0x00000000a6250000)
 tenured generation   total 200964K, used 183666K [0x00000000c0000000, 0x00000000cc441000, 0x0000000100000000)
   the space 200964K,  91% used [0x00000000c0000000, 0x00000000cb35ca48, 0x00000000cb35cc00, 0x00000000cc441000)
 Metaspace       used 106821K, capacity 111582K, committed 112408K, reserved 1146880K
  class space    used 13090K, capacity 13928K, committed 14128K, reserved 1048576K
}
Event: 9322.194 GC heap before
{Heap before GC invocations=406 (full 14):
 def new generation   total 90624K, used 87370K [0x00000000a0000000, 0x00000000a6250000, 0x00000000c0000000)
  eden space 80576K, 100% used [0x00000000a0000000, 0x00000000a4eb0000, 0x00000000a4eb0000)
  from space 10048K,  67% used [0x00000000a4eb0000, 0x00000000a5552a88, 0x00000000a5880000)
  to   space 10048K,   0% used [0x00000000a5880000, 0x00000000a5880000, 0x00000000a6250000)
 tenured generation   total 200964K, used 183666K [0x00000000c0000000, 0x00000000cc441000, 0x0000000100000000)
   the space 200964K,  91% used [0x00000000c0000000, 0x00000000cb35ca48, 0x00000000cb35cc00, 0x00000000cc441000)
 Metaspace       used 107104K, capacity 112002K, committed 112408K, reserved 1146880K
  class space    used 13127K, capacity 13998K, committed 14128K, reserved 1048576K
Event: 9325.952 GC heap after
Heap after GC invocations=407 (full 14):
 def new generation   total 90624K, used 4009K [0x00000000a0000000, 0x00000000a6250000, 0x00000000c0000000)
  eden space 80576K,   0% used [0x00000000a0000000, 0x00000000a0000000, 0x00000000a4eb0000)
  from space 10048K,  39% used [0x00000000a5880000, 0x00000000a5c6a430, 0x00000000a6250000)
  to   space 10048K,   0% used [0x00000000a4eb0000, 0x00000000a4eb0000, 0x00000000a5880000)
 tenured generation   total 200964K, used 187313K [0x00000000c0000000, 0x00000000cc441000, 0x0000000100000000)
   the space 200964K,  93% used [0x00000000c0000000, 0x00000000cb6ec510, 0x00000000cb6ec600, 0x00000000cc441000)
 Metaspace       used 107104K, capacity 112002K, committed 112408K, reserved 1146880K
  class space    used 13127K, capacity 13998K, committed 14128K, reserved 1048576K
}

